2019-06-19 16:41:06,411 INFO     

 dad_watch version 3.0
2019-06-19 16:41:06,434 INFO     Core temp is 58.0 degrees C
2019-06-19 16:41:38,500 INFO     

 dad_watch version 3.0
2019-06-19 16:41:38,519 INFO     Core temp is 58.0 degrees C
2019-06-19 16:42:07,744 INFO     

 dad_watch version 3.0
2019-06-19 16:42:07,766 INFO     Core temp is 58.5 degrees C
2019-06-19 16:44:03,986 INFO     

 dad_watch version 3.0
2019-06-19 16:44:04,005 INFO     Core temp is 58.5 degrees C
2019-06-19 16:44:07,194 DEBUG    H= 600 W= 800
2019-06-19 16:44:07,322 ERROR    exception in main() 
 Traceback (most recent call last):
  File "./dad_watch_V3.0.py", line 470, in main
    net.setInput(blob)
NameError: name 'net' is not defined

2019-06-19 16:47:34,044 INFO     

 dad_watch version 3.0
2019-06-19 16:47:34,067 INFO     Core temp is 58.5 degrees C
2019-06-19 16:47:36,728 DEBUG    H= 600 W= 800
2019-06-19 16:47:40,788 ERROR    exception in main() 
 Traceback (most recent call last):
  File "./dad_watch_V3.0.py", line 481, in main
    if confidence > args["confidence"]:
NameError: name 'args' is not defined

2019-06-19 16:49:52,287 INFO     

 dad_watch version 3.0
2019-06-19 16:49:52,307 INFO     Core temp is 58.5 degrees C
2019-06-19 16:49:54,956 DEBUG    H= 600 W= 800
2019-06-19 16:49:59,084 INFO     movement 1
2019-06-19 16:49:59,086 DEBUG    resetting ALARM to False
2019-06-19 16:49:59,099 ERROR    exception in main() 
 Traceback (most recent call last):
  File "./dad_watch_V3.0.py", line 531, in main
    text = "{}: {:.2f}%".format(label, r.score * 100)
UnboundLocalError: local variable 'label' referenced before assignment

2019-06-19 16:54:10,292 INFO     

 dad_watch version 3.0
2019-06-19 16:54:10,314 INFO     Core temp is 59.1 degrees C
2019-06-19 16:54:12,969 DEBUG    H= 600 W= 800
2019-06-19 16:54:17,019 INFO     movement 1
2019-06-19 16:54:17,021 DEBUG    resetting ALARM to False
2019-06-19 16:54:48,723 INFO     movement 2
2019-06-19 16:54:48,724 DEBUG    resetting ALARM to False
2019-06-19 16:55:33,598 INFO     Sig_handler called with signal : 2
2019-06-19 16:55:33,648 INFO     Core temp is 68.8 degrees C
